  main.cpp
c:\program files (x86)\microsoft visual studio\2017\community\vc\tools\msvc\14.16.27023\include\strstream(18,9): warning C4996:  'std::_Header_strstream': warning STL4005: <strstream> is deprecated in C++17. You can define _SILENCE_CXX17_STRSTREAM_DEPRECATION_WARNING or _SILENCE_ALL_CXX17_DEPRECATION_WARNINGS to acknowledge that you have received this warning.
c:\program files (x86)\microsoft visual studio\2017\community\vc\tools\msvc\14.16.27023\include\strstream(18,9): warning C4996: typedef _Header_strstream _Hdr_strstream;
c:\program files (x86)\microsoft visual studio\2017\community\vc\tools\msvc\14.16.27023\include\strstream(18,9): warning C4996:         ^
c:\program files (x86)\microsoft visual studio\2017\community\vc\tools\msvc\14.16.27023\include\strstream(17): message :  see declaration of 'std::_Header_strstream'
c:\program files (x86)\microsoft visual studio\2017\community\vc\tools\msvc\14.16.27023\include\strstream(17): message : _CXX17_DEPRECATE_STRSTREAM typedef int _Header_strstream;
c:\users\salam\desktop\current study spots\this one_project 104066489 made it smaller\sdl2template-master\sdl2template-master\sdl2template\main.cpp(510,57): warning C4267:  '=': conversion from 'size_t' to 'int', possible loss of data
c:\users\salam\desktop\current study spots\this one_project 104066489 made it smaller\sdl2template-master\sdl2template-master\sdl2template\main.cpp(510,57): warning C4267:                     nNewTriangles = listTriangles.size();
c:\users\salam\desktop\current study spots\this one_project 104066489 made it smaller\sdl2template-master\sdl2template-master\sdl2template\main.cpp(510,57): warning C4267:                                                         ^
c:\users\salam\desktop\current study spots\this one_project 104066489 made it smaller\sdl2template-master\sdl2template-master\sdl2template\main.cpp(526,94): warning C4244:  'argument': conversion from 'float' to 'int', possible loss of data
c:\users\salam\desktop\current study spots\this one_project 104066489 made it smaller\sdl2template-master\sdl2template-master\sdl2template\main.cpp(526,94): warning C4244:                         DrawTriangle(t.p[0].x, t.p[0].y, t.p[1].x, t.p[1].y, t.p[2].x, t.p[2].y, res->pixels,
c:\users\salam\desktop\current study spots\this one_project 104066489 made it smaller\sdl2template-master\sdl2template-master\sdl2template\main.cpp(526,94): warning C4244:                                                                                              ^
c:\users\salam\desktop\current study spots\this one_project 104066489 made it smaller\sdl2template-master\sdl2template-master\sdl2template\main.cpp(526,84): warning C4244:  'argument': conversion from 'float' to 'int', possible loss of data
c:\users\salam\desktop\current study spots\this one_project 104066489 made it smaller\sdl2template-master\sdl2template-master\sdl2template\main.cpp(526,84): warning C4244:                         DrawTriangle(t.p[0].x, t.p[0].y, t.p[1].x, t.p[1].y, t.p[2].x, t.p[2].y, res->pixels,
c:\users\salam\desktop\current study spots\this one_project 104066489 made it smaller\sdl2template-master\sdl2template-master\sdl2template\main.cpp(526,84): warning C4244:                                                                                    ^
c:\users\salam\desktop\current study spots\this one_project 104066489 made it smaller\sdl2template-master\sdl2template-master\sdl2template\main.cpp(526,74): warning C4244:  'argument': conversion from 'float' to 'int', possible loss of data
c:\users\salam\desktop\current study spots\this one_project 104066489 made it smaller\sdl2template-master\sdl2template-master\sdl2template\main.cpp(526,74): warning C4244:                         DrawTriangle(t.p[0].x, t.p[0].y, t.p[1].x, t.p[1].y, t.p[2].x, t.p[2].y, res->pixels,
c:\users\salam\desktop\current study spots\this one_project 104066489 made it smaller\sdl2template-master\sdl2template-master\sdl2template\main.cpp(526,74): warning C4244:                                                                          ^
c:\users\salam\desktop\current study spots\this one_project 104066489 made it smaller\sdl2template-master\sdl2template-master\sdl2template\main.cpp(526,64): warning C4244:  'argument': conversion from 'float' to 'int', possible loss of data
c:\users\salam\desktop\current study spots\this one_project 104066489 made it smaller\sdl2template-master\sdl2template-master\sdl2template\main.cpp(526,64): warning C4244:                         DrawTriangle(t.p[0].x, t.p[0].y, t.p[1].x, t.p[1].y, t.p[2].x, t.p[2].y, res->pixels,
c:\users\salam\desktop\current study spots\this one_project 104066489 made it smaller\sdl2template-master\sdl2template-master\sdl2template\main.cpp(526,64): warning C4244:                                                                ^
c:\users\salam\desktop\current study spots\this one_project 104066489 made it smaller\sdl2template-master\sdl2template-master\sdl2template\main.cpp(526,54): warning C4244:  'argument': conversion from 'float' to 'int', possible loss of data
c:\users\salam\desktop\current study spots\this one_project 104066489 made it smaller\sdl2template-master\sdl2template-master\sdl2template\main.cpp(526,54): warning C4244:                         DrawTriangle(t.p[0].x, t.p[0].y, t.p[1].x, t.p[1].y, t.p[2].x, t.p[2].y, res->pixels,
c:\users\salam\desktop\current study spots\this one_project 104066489 made it smaller\sdl2template-master\sdl2template-master\sdl2template\main.cpp(526,54): warning C4244:                                                      ^
c:\users\salam\desktop\current study spots\this one_project 104066489 made it smaller\sdl2template-master\sdl2template-master\sdl2template\main.cpp(526,44): warning C4244:  'argument': conversion from 'float' to 'int', possible loss of data
c:\users\salam\desktop\current study spots\this one_project 104066489 made it smaller\sdl2template-master\sdl2template-master\sdl2template\main.cpp(526,44): warning C4244:                         DrawTriangle(t.p[0].x, t.p[0].y, t.p[1].x, t.p[1].y, t.p[2].x, t.p[2].y, res->pixels,
c:\users\salam\desktop\current study spots\this one_project 104066489 made it smaller\sdl2template-master\sdl2template-master\sdl2template\main.cpp(526,44): warning C4244:                                            ^
c:\users\salam\desktop\current study spots\this one_project 104066489 made it smaller\sdl2template-master\sdl2template-master\sdl2template\main.cpp(533,78): warning C4244:  'argument': conversion from 'float' to 'int', possible loss of data
c:\users\salam\desktop\current study spots\this one_project 104066489 made it smaller\sdl2template-master\sdl2template-master\sdl2template\main.cpp(533,78): warning C4244:                                          t.t[1].v, t.t[1].w, t.p[2].x, t.p[2].y, t.t[2].u, t.t[2].v, t.t[2].w,
c:\users\salam\desktop\current study spots\this one_project 104066489 made it smaller\sdl2template-master\sdl2template-master\sdl2template\main.cpp(533,78): warning C4244:                                                                              ^
c:\users\salam\desktop\current study spots\this one_project 104066489 made it smaller\sdl2template-master\sdl2template-master\sdl2template\main.cpp(533,68): warning C4244:  'argument': conversion from 'float' to 'int', possible loss of data
c:\users\salam\desktop\current study spots\this one_project 104066489 made it smaller\sdl2template-master\sdl2template-master\sdl2template\main.cpp(533,68): warning C4244:                                          t.t[1].v, t.t[1].w, t.p[2].x, t.p[2].y, t.t[2].u, t.t[2].v, t.t[2].w,
c:\users\salam\desktop\current study spots\this one_project 104066489 made it smaller\sdl2template-master\sdl2template-master\sdl2template\main.cpp(533,68): warning C4244:                                                                    ^
c:\users\salam\desktop\current study spots\this one_project 104066489 made it smaller\sdl2template-master\sdl2template-master\sdl2template\main.cpp(532,108): warning C4244:  'argument': conversion from 'float' to 'int', possible loss of data
c:\users\salam\desktop\current study spots\this one_project 104066489 made it smaller\sdl2template-master\sdl2template-master\sdl2template\main.cpp(532,108): warning C4244:                         TexturedTriangle(t.p[0].x, t.p[0].y, t.t[0].u, t.t[0].v, t.t[0].w, t.p[1].x, t.p[1].y, t.t[1].u,
c:\users\salam\desktop\current study spots\this one_project 104066489 made it smaller\sdl2template-master\sdl2template-master\sdl2template\main.cpp(532,108): warning C4244:                                                                                                            ^
c:\users\salam\desktop\current study spots\this one_project 104066489 made it smaller\sdl2template-master\sdl2template-master\sdl2template\main.cpp(532,98): warning C4244:  'argument': conversion from 'float' to 'int', possible loss of data
c:\users\salam\desktop\current study spots\this one_project 104066489 made it smaller\sdl2template-master\sdl2template-master\sdl2template\main.cpp(532,98): warning C4244:                         TexturedTriangle(t.p[0].x, t.p[0].y, t.t[0].u, t.t[0].v, t.t[0].w, t.p[1].x, t.p[1].y, t.t[1].u,
c:\users\salam\desktop\current study spots\this one_project 104066489 made it smaller\sdl2template-master\sdl2template-master\sdl2template\main.cpp(532,98): warning C4244:                                                                                                  ^
c:\users\salam\desktop\current study spots\this one_project 104066489 made it smaller\sdl2template-master\sdl2template-master\sdl2template\main.cpp(532,58): warning C4244:  'argument': conversion from 'float' to 'int', possible loss of data
c:\users\salam\desktop\current study spots\this one_project 104066489 made it smaller\sdl2template-master\sdl2template-master\sdl2template\main.cpp(532,58): warning C4244:                         TexturedTriangle(t.p[0].x, t.p[0].y, t.t[0].u, t.t[0].v, t.t[0].w, t.p[1].x, t.p[1].y, t.t[1].u,
c:\users\salam\desktop\current study spots\this one_project 104066489 made it smaller\sdl2template-master\sdl2template-master\sdl2template\main.cpp(532,58): warning C4244:                                                          ^
c:\users\salam\desktop\current study spots\this one_project 104066489 made it smaller\sdl2template-master\sdl2template-master\sdl2template\main.cpp(532,48): warning C4244:  'argument': conversion from 'float' to 'int', possible loss of data
c:\users\salam\desktop\current study spots\this one_project 104066489 made it smaller\sdl2template-master\sdl2template-master\sdl2template\main.cpp(532,48): warning C4244:                         TexturedTriangle(t.p[0].x, t.p[0].y, t.t[0].u, t.t[0].v, t.t[0].w, t.p[1].x, t.p[1].y, t.t[1].u,
c:\users\salam\desktop\current study spots\this one_project 104066489 made it smaller\sdl2template-master\sdl2template-master\sdl2template\main.cpp(532,48): warning C4244:                                                ^
c:\users\salam\desktop\current study spots\this one_project 104066489 made it smaller\sdl2template-master\sdl2template-master\sdl2template\main.cpp(539,94): warning C4244:  'argument': conversion from 'float' to 'int', possible loss of data
c:\users\salam\desktop\current study spots\this one_project 104066489 made it smaller\sdl2template-master\sdl2template-master\sdl2template\main.cpp(539,94): warning C4244:                         FillTriangle(t.p[0].x, t.p[0].y, t.p[1].x, t.p[1].y, t.p[2].x, t.p[2].y, res->pixels, t.col.n);
c:\users\salam\desktop\current study spots\this one_project 104066489 made it smaller\sdl2template-master\sdl2template-master\sdl2template\main.cpp(539,94): warning C4244:                                                                                              ^
c:\users\salam\desktop\current study spots\this one_project 104066489 made it smaller\sdl2template-master\sdl2template-master\sdl2template\main.cpp(539,84): warning C4244:  'argument': conversion from 'float' to 'int', possible loss of data
c:\users\salam\desktop\current study spots\this one_project 104066489 made it smaller\sdl2template-master\sdl2template-master\sdl2template\main.cpp(539,84): warning C4244:                         FillTriangle(t.p[0].x, t.p[0].y, t.p[1].x, t.p[1].y, t.p[2].x, t.p[2].y, res->pixels, t.col.n);
c:\users\salam\desktop\current study spots\this one_project 104066489 made it smaller\sdl2template-master\sdl2template-master\sdl2template\main.cpp(539,84): warning C4244:                                                                                    ^
c:\users\salam\desktop\current study spots\this one_project 104066489 made it smaller\sdl2template-master\sdl2template-master\sdl2template\main.cpp(539,74): warning C4244:  'argument': conversion from 'float' to 'int', possible loss of data
c:\users\salam\desktop\current study spots\this one_project 104066489 made it smaller\sdl2template-master\sdl2template-master\sdl2template\main.cpp(539,74): warning C4244:                         FillTriangle(t.p[0].x, t.p[0].y, t.p[1].x, t.p[1].y, t.p[2].x, t.p[2].y, res->pixels, t.col.n);
c:\users\salam\desktop\current study spots\this one_project 104066489 made it smaller\sdl2template-master\sdl2template-master\sdl2template\main.cpp(539,74): warning C4244:                                                                          ^
c:\users\salam\desktop\current study spots\this one_project 104066489 made it smaller\sdl2template-master\sdl2template-master\sdl2template\main.cpp(539,64): warning C4244:  'argument': conversion from 'float' to 'int', possible loss of data
c:\users\salam\desktop\current study spots\this one_project 104066489 made it smaller\sdl2template-master\sdl2template-master\sdl2template\main.cpp(539,64): warning C4244:                         FillTriangle(t.p[0].x, t.p[0].y, t.p[1].x, t.p[1].y, t.p[2].x, t.p[2].y, res->pixels, t.col.n);
c:\users\salam\desktop\current study spots\this one_project 104066489 made it smaller\sdl2template-master\sdl2template-master\sdl2template\main.cpp(539,64): warning C4244:                                                                ^
c:\users\salam\desktop\current study spots\this one_project 104066489 made it smaller\sdl2template-master\sdl2template-master\sdl2template\main.cpp(539,54): warning C4244:  'argument': conversion from 'float' to 'int', possible loss of data
c:\users\salam\desktop\current study spots\this one_project 104066489 made it smaller\sdl2template-master\sdl2template-master\sdl2template\main.cpp(539,54): warning C4244:                         FillTriangle(t.p[0].x, t.p[0].y, t.p[1].x, t.p[1].y, t.p[2].x, t.p[2].y, res->pixels, t.col.n);
c:\users\salam\desktop\current study spots\this one_project 104066489 made it smaller\sdl2template-master\sdl2template-master\sdl2template\main.cpp(539,54): warning C4244:                                                      ^
c:\users\salam\desktop\current study spots\this one_project 104066489 made it smaller\sdl2template-master\sdl2template-master\sdl2template\main.cpp(539,44): warning C4244:  'argument': conversion from 'float' to 'int', possible loss of data
c:\users\salam\desktop\current study spots\this one_project 104066489 made it smaller\sdl2template-master\sdl2template-master\sdl2template\main.cpp(539,44): warning C4244:                         FillTriangle(t.p[0].x, t.p[0].y, t.p[1].x, t.p[1].y, t.p[2].x, t.p[2].y, res->pixels, t.col.n);
c:\users\salam\desktop\current study spots\this one_project 104066489 made it smaller\sdl2template-master\sdl2template-master\sdl2template\main.cpp(539,44): warning C4244:                                            ^
c:\users\salam\desktop\current study spots\this one_project 104066489 made it smaller\sdl2template-master\sdl2template-master\sdl2template\main.cpp(864,25): warning C4244:  'initializing': conversion from 'float' to 'int', possible loss of data
c:\users\salam\desktop\current study spots\this one_project 104066489 made it smaller\sdl2template-master\sdl2template-master\sdl2template\main.cpp(864,25): warning C4244:             int ax = x1 + (float)(i - y1) * dax_step;
c:\users\salam\desktop\current study spots\this one_project 104066489 made it smaller\sdl2template-master\sdl2template-master\sdl2template\main.cpp(864,25): warning C4244:                         ^
c:\users\salam\desktop\current study spots\this one_project 104066489 made it smaller\sdl2template-master\sdl2template-master\sdl2template\main.cpp(865,25): warning C4244:  'initializing': conversion from 'float' to 'int', possible loss of data
c:\users\salam\desktop\current study spots\this one_project 104066489 made it smaller\sdl2template-master\sdl2template-master\sdl2template\main.cpp(865,25): warning C4244:             int bx = x1 + (float)(i - y1) * dbx_step;
c:\users\salam\desktop\current study spots\this one_project 104066489 made it smaller\sdl2template-master\sdl2template-master\sdl2template\main.cpp(865,25): warning C4244:                         ^
c:\users\salam\desktop\current study spots\this one_project 104066489 made it smaller\sdl2template-master\sdl2template-master\sdl2template\main.cpp(933,25): warning C4244:  'initializing': conversion from 'float' to 'int', possible loss of data
c:\users\salam\desktop\current study spots\this one_project 104066489 made it smaller\sdl2template-master\sdl2template-master\sdl2template\main.cpp(933,25): warning C4244:             int ax = x2 + (float)(i - y2) * dax_step;
c:\users\salam\desktop\current study spots\this one_project 104066489 made it smaller\sdl2template-master\sdl2template-master\sdl2template\main.cpp(933,25): warning C4244:                         ^
  Matrices.cpp
  Matrices.h
  VectorsMath.cpp
c:\users\salam\desktop\current study spots\this one_project 104066489 made it smaller\sdl2template-master\sdl2template-master\sdl2template\main.cpp(934,25): warning C4244:  'initializing': conversion from 'float' to 'int', possible loss of data
c:\users\salam\desktop\current study spots\this one_project 104066489 made it smaller\sdl2template-master\sdl2template-master\sdl2template\main.cpp(934,25): warning C4244:             int bx = x1 + (float)(i - y1) * dbx_step;
c:\users\salam\desktop\current study spots\this one_project 104066489 made it smaller\sdl2template-master\sdl2template-master\sdl2template\main.cpp(934,25): warning C4244:                         ^
x64\Release\Matrices.obj : warning LNK4042: object specified more than once; extras ignored
     Creating library C:\Users\Salam\Desktop\Current Study Spots\this one_Project 104066489 made it smaller\SDL2Template-master\SDL2Template-master\x64\Release\SDL2Template.lib and object C:\Users\Salam\Desktop\Current Study Spots\this one_Project 104066489 made it smaller\SDL2Template-master\SDL2Template-master\x64\Release\SDL2Template.exp
  Generating code
c:\users\salam\desktop\current study spots\this one_project 104066489 made it smaller\sdl2template-master\sdl2template-master\sdl2template\main.cpp(1135): warning C4715: 'Triangle_ClipAgainstPlane': not all control paths return a value
  797 of 5922 functions (13.5%) were compiled, the rest were copied from previous compilation.
    12 functions were new in current compilation
    8 functions had inline decision re-evaluated but remain unchanged
  Finished generating code
  SDL2Template.vcxproj -> C:\Users\Salam\Desktop\Current Study Spots\this one_Project 104066489 made it smaller\SDL2Template-master\SDL2Template-master\x64\Release\SDL2Template.exe
