c:\users\salam\downloads\project 104066489\sdl2template-master\sdl2template-master\sdl2template\x64\release\vc141.pdb
c:\users\salam\downloads\project 104066489\sdl2template-master\sdl2template-master\sdl2template\x64\release\vectorsmath.obj
c:\users\salam\downloads\project 104066489\sdl2template-master\sdl2template-master\sdl2template\x64\release\matrices.obj
c:\users\salam\downloads\project 104066489\sdl2template-master\sdl2template-master\sdl2template\x64\release\main.obj
c:\users\salam\desktop\current study spots\sdl2template-master\sdl2template-master\sdl2template\x64\release\vc141.pdb
c:\users\salam\desktop\current study spots\sdl2template-master\sdl2template-master\sdl2template\x64\release\vectorsmath.obj
c:\users\salam\desktop\current study spots\sdl2template-master\sdl2template-master\sdl2template\x64\release\matrices.obj
c:\users\salam\desktop\current study spots\sdl2template-master\sdl2template-master\sdl2template\x64\release\main.obj
c:\users\salam\downloads\project 104066489\sdl2template-master\sdl2template-master\x64\release\sdl2template.exe
c:\users\salam\downloads\project 104066489\sdl2template-master\sdl2template-master\x64\release\sdl2template.pdb
c:\users\salam\desktop\current study spots\sdl2template-master\sdl2template-master\x64\release\sdl2template.exe
c:\users\salam\desktop\current study spots\sdl2template-master\sdl2template-master\x64\release\sdl2template.pdb
c:\users\salam\downloads\project 104066489\sdl2template-master\sdl2template-master\x64\release\sdl2template.lib
c:\users\salam\downloads\project 104066489\sdl2template-master\sdl2template-master\x64\release\sdl2template.exp
c:\users\salam\downloads\project 104066489\sdl2template-master\sdl2template-master\x64\release\sdl2template.ipdb
c:\users\salam\downloads\project 104066489\sdl2template-master\sdl2template-master\x64\release\sdl2template.iobj
c:\users\salam\desktop\current study spots\sdl2template-master\sdl2template-master\x64\release\sdl2template.lib
c:\users\salam\desktop\current study spots\sdl2template-master\sdl2template-master\x64\release\sdl2template.exp
c:\users\salam\desktop\current study spots\sdl2template-master\sdl2template-master\x64\release\sdl2template.ipdb
c:\users\salam\desktop\current study spots\sdl2template-master\sdl2template-master\x64\release\sdl2template.iobj
c:\users\salam\desktop\current study spots\sdl2template-master\sdl2template-master\sdl2template\x64\release\sdl2template.tlog\cl.command.1.tlog
c:\users\salam\desktop\current study spots\sdl2template-master\sdl2template-master\sdl2template\x64\release\sdl2template.tlog\cl.read.1.tlog
c:\users\salam\desktop\current study spots\sdl2template-master\sdl2template-master\sdl2template\x64\release\sdl2template.tlog\cl.write.1.tlog
c:\users\salam\desktop\current study spots\sdl2template-master\sdl2template-master\sdl2template\x64\release\sdl2template.tlog\link.command.1.tlog
c:\users\salam\desktop\current study spots\sdl2template-master\sdl2template-master\sdl2template\x64\release\sdl2template.tlog\link.delete.1.tlog
c:\users\salam\desktop\current study spots\sdl2template-master\sdl2template-master\sdl2template\x64\release\sdl2template.tlog\link.read.1.tlog
c:\users\salam\desktop\current study spots\sdl2template-master\sdl2template-master\sdl2template\x64\release\sdl2template.tlog\link.write.1.tlog
c:\users\salam\desktop\current study spots\sdl2template-master\sdl2template-master\sdl2template\x64\release\sdl2template.tlog\sdl2template.write.1u.tlog
